0 info it worked if it ends with ok
1 verbose cli [ '/usr/bin/node', '/usr/bin/npm', 'run-script', 'seed_local' ]
2 info using npm@1.4.28
3 info using node@v0.10.37
4 verbose node symlink /usr/bin/node
5 verbose run-script [ 'preseed_local', 'seed_local', 'postseed_local' ]
6 info preseed_local quiz@0.0.0
7 info seed_local quiz@0.0.0
8 verbose unsafe-perm in lifecycle true
9 info quiz@0.0.0 Failed to exec seed_local script
10 error quiz@0.0.0 seed_local: `sequelize db:seed:all --url sqlite://$(pwd)/quiz.sqlite`
10 error Exit status 1
11 error Failed at the quiz@0.0.0 seed_local script.
11 error This is most likely a problem with the quiz package,
11 error not with npm itself.
11 error Tell the author that this fails on your system:
11 error     sequelize db:seed:all --url sqlite://$(pwd)/quiz.sqlite
11 error You can get their info via:
11 error     npm owner ls quiz
11 error There is likely additional logging output above.
12 error System Linux 3.2.0-29-generic
13 error command "/usr/bin/node" "/usr/bin/npm" "run-script" "seed_local"
14 error cwd /home/eduardo/Documentos/Universidad/Tercero/2cuatrimestre/CORE/proyectos_expgen/quiz
15 error node -v v0.10.37
16 error npm -v 1.4.28
17 error code ELIFECYCLE
18 verbose exit [ 1, true ]
